==== GRADLE BUILD ERROR REPORT ====

-- CMAKE CONFIGURATION ERRORS --
No CMake errors

-- NINJA BUILD ERRORS --
No ninja errors

-- C++ COMPILATION ERRORS --

-- MISSING HEADERS/LIBRARIES --
No missing deps

-- KOTLIN/JAVA ERRORS --
No Kotlin/Java errors

-- XML RESOURCE ERRORS --
No XML errors

-- BUILD TASK FAILURES --
> Task :app:dataBindingMergeDependencyArtifactsDebug FAILED
FAILURE: Build failed with an exception.
BUILD FAILED in 1m 4s

-- EXCEPTION STACK TRACES --
Cache entries evicted. In-memory cache of /home/runner/work/Devtools/Devtools/.gradle/8.4/checksums/sha1-checksums.bin: Size{331} MaxSize{400}, CacheStats{hitCount=95, missCount=333, loadSuccessCount=332, loadExceptionCount=0, totalLoadTime=63947484, evictionCount=1} 
Performance may suffer from in-memory cache misses. Increase max heap size of Gradle build process to reduce cache misses.
Resource missing. [HTTP GET: https://dl.google.com/dl/android/maven2/io/netty/netty-tcnative-classes/2.0.46.Final/netty-tcnative-classes-2.0.46.Final.pom]
Downloading https://repo.maven.apache.org/maven2/io/netty/netty-tcnative-classes/2.0.46.Final/netty-tcnative-classes-2.0.46.Final.pom to /home/runner/.gradle/.tmp/gradle_download15424235443683264380bin
Resource missing. [HTTP GET: https://dl.google.com/dl/android/maven2/io/netty/netty-tcnative-parent/2.0.46.Final/netty-tcnative-parent-2.0.46.Final.pom]
Downloading https://repo.maven.apache.org/maven2/io/netty/netty-tcnative-parent/2.0.46.Final/netty-tcnative-parent-2.0.46.Final.pom to /home/runner/.gradle/.tmp/gradle_download3953750615254734851bin
Downloading https://dl.google.com/dl/android/maven2/com/android/tools/build/gradle-settings-api/8.2.2/gradle-settings-api-8.2.2.jar to /home/runner/.gradle/.tmp/gradle_download12746925370775385349bin
Downloading https://dl.google.com/dl/android/maven2/com/android/tools/build/gradle/8.2.2/gradle-8.2.2.jar to /home/runner/.gradle/.tmp/gradle_download3322532889218145717bin
Downloading https://dl.google.com/dl/android/maven2/com/android/tools/build/builder/8.2.2/builder-8.2.2.jar to /home/runner/.gradle/.tmp/gradle_download12829919004943035830bin
Downloading https://dl.google.com/dl/android/maven2/com/android/tools/lint/lint-model/31.2.2/lint-model-31.2.2.jar to /home/runner/.gradle/.tmp/gradle_download10480197605211351815bin
Downloading https://dl.google.com/dl/android/maven2/com/android/tools/build/manifest-merger/31.2.2/manifest-merger-31.2.2.jar to /home/runner/.gradle/.tmp/gradle_download12591424997558314862bin
--
Cache entries evicted. In-memory cache of /home/runner/work/Devtools/Devtools/.gradle/8.4/checksums/sha1-checksums.bin: Size{400} MaxSize{400}, CacheStats{hitCount=99, missCount=442, loadSuccessCount=441, loadExceptionCount=0, totalLoadTime=126739403, evictionCount=41} 
Performance may suffer from in-memory cache misses. Increase max heap size of Gradle build process to reduce cache misses.
Downloading https://repo.maven.apache.org/maven2/com/google/errorprone/error_prone_annotations/2.11.0/error_prone_annotations-2.11.0.jar to /home/runner/.gradle/.tmp/gradle_download8219118245364405025bin
Downloading https://repo.maven.apache.org/maven2/com/google/auto/value/auto-value-annotations/1.6.2/auto-value-annotations-1.6.2.jar to /home/runner/.gradle/.tmp/gradle_download3033364974426948919bin
Downloading https://repo.maven.apache.org/maven2/org/bitbucket/b_c/jose4j/0.7.0/jose4j-0.7.0.jar to /home/runner/.gradle/.tmp/gradle_download13669519949534590339bin
Downloading https://repo.maven.apache.org/maven2/org/slf4j/slf4j-api/1.7.30/slf4j-api-1.7.30.jar to /home/runner/.gradle/.tmp/gradle_download2390116582772804435bin
Downloading https://repo.maven.apache.org/maven2/com/google/j2objc/j2objc-annotations/1.3/j2objc-annotations-1.3.jar to /home/runner/.gradle/.tmp/gradle_download16704380455330804732bin
Downloading https://repo.maven.apache.org/maven2/org/jdom/jdom2/2.0.6/jdom2-2.0.6.jar to /home/runner/.gradle/.tmp/gradle_download6157669868844424688bin
Downloading https://repo.maven.apache.org/maven2/org/codehaus/mojo/animal-sniffer-annotations/1.19/animal-sniffer-annotations-1.19.jar to /home/runner/.gradle/.tmp/gradle_download13708472091219277163bin
Downloading https://repo.maven.apache.org/maven2/com/google/android/annotations/4.1.1.4/annotations-4.1.1.4.jar to /home/runner/.gradle/.tmp/gradle_download14972534157985970835bin
Downloading https://repo.maven.apache.org/maven2/io/perfmark/perfmark-api/0.23.0/perfmark-api-0.23.0.jar to /home/runner/.gradle/.tmp/gradle_download9543692380319066349bin
--
Cache entries evicted. In-memory cache of /home/runner/work/Devtools/Devtools/.gradle/8.4/checksums/sha1-checksums.bin: Size{400} MaxSize{400}, CacheStats{hitCount=99, missCount=482, loadSuccessCount=481, loadExceptionCount=0, totalLoadTime=132226640, evictionCount=81} 
Performance may suffer from in-memory cache misses. Increase max heap size of Gradle build process to reduce cache misses.
Downloading https://repo.maven.apache.org/maven2/io/netty/netty-common/4.1.72.Final/netty-common-4.1.72.Final.jar to /home/runner/.gradle/.tmp/gradle_download5796043209208522020bin
Downloading https://repo.maven.apache.org/maven2/io/netty/netty-tcnative-classes/2.0.46.Final/netty-tcnative-classes-2.0.46.Final.jar to /home/runner/.gradle/.tmp/gradle_download9434708253368842652bin

> Configure project :app
Evaluating project ':app' using build file '/home/runner/work/Devtools/Devtools/app/build.gradle.kts'.
Cannot use Kotlin build script compile avoidance with /home/runner/.gradle/caches/modules-2/files-2.1/com.android.tools.build/gradle/8.2.2/d5251ce31f2502b1ae5109ccab1b244f60b22368/gradle-8.2.2.jar: class com/android/build/gradle/internal/services/BuildServicesKt: inline fun getBuildService(): compile avoidance is not supported with public inline functions
Cannot use Kotlin build script compile avoidance with /home/runner/.gradle/caches/modules-2/files-2.1/com.android.tools/common/31.2.2/c4bd098aab97fa95da10c4098c0238437dc1c4ef/common-31.2.2.jar: class com/android/utils/NodeCollectionHelperKt: inline fun forEach(): compile avoidance is not supported with public inline functions
Cannot use Kotlin build script compile avoidance with /home/runner/.gradle/caches/modules-2/files-2.1/org.jetbrains.kotlin/kotlin-gradle-plugin/1.9.22/f598600f8b407cda9d4dcd9a4d901e83af68b90f/kotlin-gradle-plugin-1.9.22-gradle82.jar: class org/jetbrains/kotlin/gradle/internal/KaptWithAndroid: inline fun androidVariantData(): compile avoidance is not supported with public inline functions
Cannot use Kotlin build script compile avoidance with /home/runner/.gradle/caches/modules-2/files-2.1/com.android.tools.build/bundletool/1.15.2/35993207f8440e64f2c9db15a5926a85fb17e533/bundletool-1.15.2.jar: class shadow/bundletool/com/android/utils/NodeCollectionHelperKt: inline fun forEach(): compile avoidance is not supported with public inline functions
--
Cache entries evicted. In-memory cache of /home/runner/work/Devtools/Devtools/.gradle/8.4/checksums/sha1-checksums.bin: Size{400} MaxSize{400}, CacheStats{hitCount=99, missCount=523, loadSuccessCount=521, loadExceptionCount=0, totalLoadTime=139115019, evictionCount=121} 
Performance may suffer from in-memory cache misses. Increase max heap size of Gradle build process to reduce cache misses.
Downloading https://dl.google.com/dl/android/maven2/androidx/annotation/annotation/1.3.0/annotation-1.3.0.pom to /home/runner/.gradle/.tmp/gradle_download853933089138902704bin
Downloading https://dl.google.com/dl/android/maven2/androidx/annotation/annotation/1.3.0/annotation-1.3.0.module to /home/runner/.gradle/.tmp/gradle_download15655329515774084488bin
Downloading https://dl.google.com/dl/android/maven2/androidx/collection/collection/1.0.0/collection-1.0.0.pom to /home/runner/.gradle/.tmp/gradle_download15411842817400719172bin
Downloading https://dl.google.com/dl/android/maven2/androidx/activity/activity/1.6.0/activity-1.6.0.pom to /home/runner/.gradle/.tmp/gradle_download14042077128228817382bin
Downloading https://dl.google.com/dl/android/maven2/androidx/cursoradapter/cursoradapter/1.0.0/cursoradapter-1.0.0.pom to /home/runner/.gradle/.tmp/gradle_download15958841658491463290bin
Downloading https://dl.google.com/dl/android/maven2/androidx/appcompat/appcompat-resources/1.6.1/appcompat-resources-1.6.1.pom to /home/runner/.gradle/.tmp/gradle_download1092849357873867329bin
Downloading https://dl.google.com/dl/android/maven2/androidx/drawerlayout/drawerlayout/1.0.0/drawerlayout-1.0.0.pom to /home/runner/.gradle/.tmp/gradle_download3187979695651659344bin
Downloading https://dl.google.com/dl/android/maven2/androidx/appcompat/appcompat-resources/1.6.1/appcompat-resources-1.6.1.module to /home/runner/.gradle/.tmp/gradle_download15261023371516253055bin
Downloading https://dl.google.com/dl/android/maven2/androidx/activity/activity/1.6.0/activity-1.6.0.module to /home/runner/.gradle/.tmp/gradle_download4698787101184900206bin
--
Cache entries evicted. In-memory cache of /home/runner/work/Devtools/Devtools/.gradle/8.4/checksums/sha1-checksums.bin: Size{400} MaxSize{400}, CacheStats{hitCount=99, missCount=564, loadSuccessCount=562, loadExceptionCount=0, totalLoadTime=146488477, evictionCount=162} 
Performance may suffer from in-memory cache misses. Increase max heap size of Gradle build process to reduce cache misses.
Downloading https://dl.google.com/dl/android/maven2/androidx/resourceinspection/resourceinspection-annotation/1.0.1/resourceinspection-annotation-1.0.1.module to /home/runner/.gradle/.tmp/gradle_download4541770242448747652bin
Downloading https://dl.google.com/dl/android/maven2/androidx/savedstate/savedstate/1.2.0/savedstate-1.2.0.module to /home/runner/.gradle/.tmp/gradle_download15994722441252970072bin
Downloading https://dl.google.com/dl/android/maven2/androidx/activity/activity/1.8.0/activity-1.8.0.pom to /home/runner/.gradle/.tmp/gradle_download3603920729522259799bin
Downloading https://dl.google.com/dl/android/maven2/androidx/activity/activity/1.8.0/activity-1.8.0.module to /home/runner/.gradle/.tmp/gradle_download10705284893123083737bin
Downloading https://dl.google.com/dl/android/maven2/androidx/drawerlayout/drawerlayout/1.1.1/drawerlayout-1.1.1.pom to /home/runner/.gradle/.tmp/gradle_download9348379774985093699bin
Resource missing. [HTTP GET: https://dl.google.com/dl/android/maven2/com/google/errorprone/error_prone_annotations/2.15.0/error_prone_annotations-2.15.0.pom]
Downloading https://dl.google.com/dl/android/maven2/androidx/cardview/cardview/1.0.0/cardview-1.0.0.pom to /home/runner/.gradle/.tmp/gradle_download12556169814509405246bin
Downloading https://dl.google.com/dl/android/maven2/androidx/dynamicanimation/dynamicanimation/1.0.0/dynamicanimation-1.0.0.pom to /home/runner/.gradle/.tmp/gradle_download3298676981703900868bin
Downloading https://dl.google.com/dl/android/maven2/androidx/coordinatorlayout/coordinatorlayout/1.1.0/coordinatorlayout-1.1.0.pom to /home/runner/.gradle/.tmp/gradle_download10500656295699409991bin
--
Cache entries evicted. In-memory cache of /home/runner/work/Devtools/Devtools/.gradle/8.4/checksums/sha1-checksums.bin: Size{400} MaxSize{400}, CacheStats{hitCount=100, missCount=604, loadSuccessCount=602, loadExceptionCount=0, totalLoadTime=149282442, evictionCount=202} 
Performance may suffer from in-memory cache misses. Increase max heap size of Gradle build process to reduce cache misses.
Downloading https://dl.google.com/dl/android/maven2/androidx/annotation/annotation-experimental/1.3.0/annotation-experimental-1.3.0.pom to /home/runner/.gradle/.tmp/gradle_download3559000172750784733bin
Downloading https://dl.google.com/dl/android/maven2/androidx/annotation/annotation-experimental/1.3.0/annotation-experimental-1.3.0.module to /home/runner/.gradle/.tmp/gradle_download10991328897518330334bin
Downloading https://dl.google.com/dl/android/maven2/androidx/versionedparcelable/versionedparcelable/1.1.1/versionedparcelable-1.1.1.pom to /home/runner/.gradle/.tmp/gradle_download11498164956267189573bin
Downloading https://dl.google.com/dl/android/maven2/androidx/concurrent/concurrent-futures/1.0.0/concurrent-futures-1.0.0.pom to /home/runner/.gradle/.tmp/gradle_download2554763126007357200bin
Downloading https://dl.google.com/dl/android/maven2/androidx/interpolator/interpolator/1.0.0/interpolator-1.0.0.pom to /home/runner/.gradle/.tmp/gradle_download15383017218842163440bin
Resource missing. [HTTP GET: https://dl.google.com/dl/android/maven2/org/jetbrains/kotlin/kotlin-stdlib-jdk8/1.8.20/kotlin-stdlib-jdk8-1.8.20.pom]
Downloading https://repo.maven.apache.org/maven2/org/jetbrains/kotlin/kotlin-stdlib-jdk8/1.8.20/kotlin-stdlib-jdk8-1.8.20.pom to /home/runner/.gradle/.tmp/gradle_download3374018284630470176bin
Downloading https://dl.google.com/dl/android/maven2/androidx/vectordrawable/vectordrawable-animated/1.1.0/vectordrawable-animated-1.1.0.pom to /home/runner/.gradle/.tmp/gradle_download15108528806014869065bin
Downloading https://dl.google.com/dl/android/maven2/androidx/collection/collection/1.1.0/collection-1.1.0.pom to /home/runner/.gradle/.tmp/gradle_download1623852954363173643bin
--
Cache entries evicted. In-memory cache of /home/runner/work/Devtools/Devtools/.gradle/8.4/checksums/sha1-checksums.bin: Size{400} MaxSize{400}, CacheStats{hitCount=100, missCount=644, loadSuccessCount=642, loadExceptionCount=0, totalLoadTime=153867085, evictionCount=242} 
Performance may suffer from in-memory cache misses. Increase max heap size of Gradle build process to reduce cache misses.
Downloading https://dl.google.com/dl/android/maven2/androidx/lifecycle/lifecycle-common/2.5.1/lifecycle-common-2.5.1.module to /home/runner/.gradle/.tmp/gradle_download1864784901402331964bin
Downloading https://dl.google.com/dl/android/maven2/androidx/lifecycle/lifecycle-viewmodel-savedstate/2.5.1/lifecycle-viewmodel-savedstate-2.5.1.pom to /home/runner/.gradle/.tmp/gradle_download14888309057671946822bin
Downloading https://dl.google.com/dl/android/maven2/androidx/lifecycle/lifecycle-viewmodel-savedstate/2.5.1/lifecycle-viewmodel-savedstate-2.5.1.module to /home/runner/.gradle/.tmp/gradle_download7761430797799701805bin
Resource missing. [HTTP GET: https://dl.google.com/dl/android/maven2/org/jetbrains/kotlin/kotlin-stdlib-jdk8/1.8.22/kotlin-stdlib-jdk8-1.8.22.pom]
Downloading https://repo.maven.apache.org/maven2/org/jetbrains/kotlin/kotlin-stdlib-jdk8/1.8.22/kotlin-stdlib-jdk8-1.8.22.pom to /home/runner/.gradle/.tmp/gradle_download1614080687361260803bin
Downloading https://dl.google.com/dl/android/maven2/androidx/lifecycle/lifecycle-common/2.4.0/lifecycle-common-2.4.0.pom to /home/runner/.gradle/.tmp/gradle_download8184557901324165975bin
Downloading https://dl.google.com/dl/android/maven2/androidx/lifecycle/lifecycle-common/2.4.0/lifecycle-common-2.4.0.module to /home/runner/.gradle/.tmp/gradle_download8228992176379750548bin
Downloading https://dl.google.com/dl/android/maven2/androidx/lifecycle/lifecycle-runtime/2.6.1/lifecycle-runtime-2.6.1.pom to /home/runner/.gradle/.tmp/gradle_download2824433350602809170bin
Downloading https://dl.google.com/dl/android/maven2/androidx/lifecycle/lifecycle-runtime/2.6.1/lifecycle-runtime-2.6.1.module to /home/runner/.gradle/.tmp/gradle_download6001951495457401674bin
--
Cache entries evicted. In-memory cache of /home/runner/work/Devtools/Devtools/.gradle/8.4/checksums/sha1-checksums.bin: Size{400} MaxSize{400}, CacheStats{hitCount=100, missCount=684, loadSuccessCount=682, loadExceptionCount=0, totalLoadTime=157903391, evictionCount=282} 
Performance may suffer from in-memory cache misses. Increase max heap size of Gradle build process to reduce cache misses.
Downloading https://dl.google.com/dl/android/maven2/androidx/legacy/legacy-support-core-ui/1.0.0/legacy-support-core-ui-1.0.0.pom to /home/runner/.gradle/.tmp/gradle_download8657398357744969538bin
Downloading https://dl.google.com/dl/android/maven2/androidx/recyclerview/recyclerview/1.1.0/recyclerview-1.1.0.pom to /home/runner/.gradle/.tmp/gradle_download3414498360796023928bin
Resource missing. [HTTP GET: https://dl.google.com/dl/android/maven2/org/jetbrains/annotations/23.0.0/annotations-23.0.0.pom]
Downloading https://repo.maven.apache.org/maven2/org/jetbrains/annotations/23.0.0/annotations-23.0.0.pom to /home/runner/.gradle/.tmp/gradle_download12159866983306960095bin
Resource missing. [HTTP GET: https://dl.google.com/dl/android/maven2/org/jetbrains/kotlin/kotlin-stdlib-common/1.8.22/kotlin-stdlib-common-1.8.22.pom]
Downloading https://repo.maven.apache.org/maven2/org/jetbrains/kotlin/kotlin-stdlib-common/1.8.22/kotlin-stdlib-common-1.8.22.pom to /home/runner/.gradle/.tmp/gradle_download1725978734876421862bin
Downloading https://dl.google.com/dl/android/maven2/androidx/annotation/annotation-jvm/1.6.0/annotation-jvm-1.6.0.pom to /home/runner/.gradle/.tmp/gradle_download8195918042492207933bin
Downloading https://dl.google.com/dl/android/maven2/androidx/annotation/annotation-jvm/1.6.0/annotation-jvm-1.6.0.module to /home/runner/.gradle/.tmp/gradle_download17521254729688397593bin
Resource missing. [HTTP GET: https://dl.google.com/dl/android/maven2/com/google/guava/listenablefuture/1.0/listenablefuture-1.0.pom]
--
Cache entries evicted. In-memory cache of /home/runner/work/Devtools/Devtools/.gradle/8.4/checksums/sha1-checksums.bin: Size{400} MaxSize{400}, CacheStats{hitCount=102, missCount=724, loadSuccessCount=722, loadExceptionCount=0, totalLoadTime=161172988, evictionCount=322} 
Performance may suffer from in-memory cache misses. Increase max heap size of Gradle build process to reduce cache misses.
Downloading https://dl.google.com/dl/android/maven2/androidx/lifecycle/lifecycle-livedata-core/2.6.1/lifecycle-livedata-core-2.6.1.pom to /home/runner/.gradle/.tmp/gradle_download6635623397674272533bin
Downloading https://dl.google.com/dl/android/maven2/androidx/lifecycle/lifecycle-livedata-core/2.6.1/lifecycle-livedata-core-2.6.1.module to /home/runner/.gradle/.tmp/gradle_download14663182631959528974bin

-- NATIVE BUILD LOG (last 100 lines) --
